# JMH 1.18 (released 52 days ago)
# VM version: JDK 1.8.0_131, VM 25.131-b11
# VM invoker: C:\Program Files\Java\jre1.8.0_131\bin\java.exe
# VM options: <none>
# Warmup: 3 iterations, 1 s each
# Measurement: 5 iterations, 1 s each
# Timeout: 10 min per iteration
# Threads: 1 thread, will synchronize iterations
# Benchmark mode: Throughput, ops/time
# Benchmark: com.stuff2ponder.Factorial_fjb04.evalEmptyLoop
# Parameters: (baseLong = 2)

# Run progress: 0.00% complete, ETA 00:04:16
# Fork: 1 of 1
# Warmup Iteration   1: 1690.173 ops/us
# Warmup Iteration   2: 1721.019 ops/us
# Warmup Iteration   3: 1690.030 ops/us
Iteration   1: 1686.402 ops/us
Iteration   2: 1691.168 ops/us
Iteration   3: 1692.002 ops/us
Iteration   4: 1689.065 ops/us
Iteration   5: 1690.891 ops/us


Result "com.stuff2ponder.Factorial_fjb04.evalEmptyLoop":
  1689.905 ±(99.9%) 8.597 ops/us [Average]
  (min, avg, max) = (1686.402, 1689.905, 1692.002), stdev = 2.233
  CI (99.9%): [1681.308, 1698.503] (assumes normal distribution)


# JMH 1.18 (released 52 days ago)
# VM version: JDK 1.8.0_131, VM 25.131-b11
# VM invoker: C:\Program Files\Java\jre1.8.0_131\bin\java.exe
# VM options: <none>
# Warmup: 3 iterations, 1 s each
# Measurement: 5 iterations, 1 s each
# Timeout: 10 min per iteration
# Threads: 1 thread, will synchronize iterations
# Benchmark mode: Throughput, ops/time
# Benchmark: com.stuff2ponder.Factorial_fjb04.evalEmptyLoop
# Parameters: (baseLong = 19)

# Run progress: 3.13% complete, ETA 00:04:21
# Fork: 1 of 1
# Warmup Iteration   1: 1688.273 ops/us
# Warmup Iteration   2: 1723.736 ops/us
# Warmup Iteration   3: 1689.622 ops/us
Iteration   1: 1690.277 ops/us
Iteration   2: 1691.854 ops/us
Iteration   3: 1691.442 ops/us
Iteration   4: 1692.102 ops/us
Iteration   5: 1691.526 ops/us


Result "com.stuff2ponder.Factorial_fjb04.evalEmptyLoop":
  1691.440 ±(99.9%) 2.703 ops/us [Average]
  (min, avg, max) = (1690.277, 1691.440, 1692.102), stdev = 0.702
  CI (99.9%): [1688.737, 1694.143] (assumes normal distribution)


# JMH 1.18 (released 52 days ago)
# VM version: JDK 1.8.0_131, VM 25.131-b11
# VM invoker: C:\Program Files\Java\jre1.8.0_131\bin\java.exe
# VM options: <none>
# Warmup: 3 iterations, 1 s each
# Measurement: 5 iterations, 1 s each
# Timeout: 10 min per iteration
# Threads: 1 thread, will synchronize iterations
# Benchmark mode: Throughput, ops/time
# Benchmark: com.stuff2ponder.Factorial_fjb04.evalEmptyLoop
# Parameters: (baseLong = 20)

# Run progress: 6.25% complete, ETA 00:04:14
# Fork: 1 of 1
# Warmup Iteration   1: 1689.726 ops/us
# Warmup Iteration   2: 2492.503 ops/us
# Warmup Iteration   3: 1676.601 ops/us
Iteration   1: 1689.768 ops/us
Iteration   2: 1691.333 ops/us
Iteration   3: 1690.633 ops/us
Iteration   4: 1692.219 ops/us
Iteration   5: 1692.165 ops/us


Result "com.stuff2ponder.Factorial_fjb04.evalEmptyLoop":
  1691.224 ±(99.9%) 4.018 ops/us [Average]
  (min, avg, max) = (1689.768, 1691.224, 1692.219), stdev = 1.043
  CI (99.9%): [1687.206, 1695.242] (assumes normal distribution)


# JMH 1.18 (released 52 days ago)
# VM version: JDK 1.8.0_131, VM 25.131-b11
# VM invoker: C:\Program Files\Java\jre1.8.0_131\bin\java.exe
# VM options: <none>
# Warmup: 3 iterations, 1 s each
# Measurement: 5 iterations, 1 s each
# Timeout: 10 min per iteration
# Threads: 1 thread, will synchronize iterations
# Benchmark mode: Throughput, ops/time
# Benchmark: com.stuff2ponder.Factorial_fjb04.evalEmptyLoop
# Parameters: (baseLong = 21)

# Run progress: 9.38% complete, ETA 00:04:06
# Fork: 1 of 1
# Warmup Iteration   1: 1688.683 ops/us
# Warmup Iteration   2: 1722.269 ops/us
# Warmup Iteration   3: 1691.363 ops/us
Iteration   1: 1691.506 ops/us
Iteration   2: 1691.090 ops/us
Iteration   3: 1692.110 ops/us
Iteration   4: 1688.694 ops/us
Iteration   5: 1691.326 ops/us


Result "com.stuff2ponder.Factorial_fjb04.evalEmptyLoop":
  1690.945 ±(99.9%) 5.059 ops/us [Average]
  (min, avg, max) = (1688.694, 1690.945, 1692.110), stdev = 1.314
  CI (99.9%): [1685.886, 1696.005] (assumes normal distribution)


# JMH 1.18 (released 52 days ago)
# VM version: JDK 1.8.0_131, VM 25.131-b11
# VM invoker: C:\Program Files\Java\jre1.8.0_131\bin\java.exe
# VM options: <none>
# Warmup: 3 iterations, 1 s each
# Measurement: 5 iterations, 1 s each
# Timeout: 10 min per iteration
# Threads: 1 thread, will synchronize iterations
# Benchmark mode: Throughput, ops/time
# Benchmark: com.stuff2ponder.Factorial_fjb04.evalEmptyLoop
# Parameters: (baseLong = 32)

# Run progress: 12.50% complete, ETA 00:03:57
# Fork: 1 of 1
# Warmup Iteration   1: 1687.882 ops/us
# Warmup Iteration   2: 1722.098 ops/us
# Warmup Iteration   3: 1691.245 ops/us
Iteration   1: 1691.000 ops/us
Iteration   2: 1690.086 ops/us
Iteration   3: 1690.885 ops/us
Iteration   4: 1689.931 ops/us
Iteration   5: 1691.124 ops/us


Result "com.stuff2ponder.Factorial_fjb04.evalEmptyLoop":
  1690.605 ±(99.9%) 2.132 ops/us [Average]
  (min, avg, max) = (1689.931, 1690.605, 1691.124), stdev = 0.554
  CI (99.9%): [1688.473, 1692.738] (assumes normal distribution)


# JMH 1.18 (released 52 days ago)
# VM version: JDK 1.8.0_131, VM 25.131-b11
# VM invoker: C:\Program Files\Java\jre1.8.0_131\bin\java.exe
# VM options: <none>
# Warmup: 3 iterations, 1 s each
# Measurement: 5 iterations, 1 s each
# Timeout: 10 min per iteration
# Threads: 1 thread, will synchronize iterations
# Benchmark mode: Throughput, ops/time
# Benchmark: com.stuff2ponder.Factorial_fjb04.evalEmptyLoop
# Parameters: (baseLong = 64)

# Run progress: 15.63% complete, ETA 00:03:49
# Fork: 1 of 1
# Warmup Iteration   1: 1688.260 ops/us
# Warmup Iteration   2: 1721.788 ops/us
# Warmup Iteration   3: 1692.233 ops/us
Iteration   1: 1690.887 ops/us
Iteration   2: 1687.791 ops/us
Iteration   3: 1691.213 ops/us
Iteration   4: 1691.510 ops/us
Iteration   5: 1691.595 ops/us


Result "com.stuff2ponder.Factorial_fjb04.evalEmptyLoop":
  1690.599 ±(99.9%) 6.139 ops/us [Average]
  (min, avg, max) = (1687.791, 1690.599, 1691.595), stdev = 1.594
  CI (99.9%): [1684.460, 1696.738] (assumes normal distribution)


# JMH 1.18 (released 52 days ago)
# VM version: JDK 1.8.0_131, VM 25.131-b11
# VM invoker: C:\Program Files\Java\jre1.8.0_131\bin\java.exe
# VM options: <none>
# Warmup: 3 iterations, 1 s each
# Measurement: 5 iterations, 1 s each
# Timeout: 10 min per iteration
# Threads: 1 thread, will synchronize iterations
# Benchmark mode: Throughput, ops/time
# Benchmark: com.stuff2ponder.Factorial_fjb04.evalEmptyLoop
# Parameters: (baseLong = 128)

# Run progress: 18.75% complete, ETA 00:03:40
# Fork: 1 of 1
# Warmup Iteration   1: 1689.721 ops/us
# Warmup Iteration   2: 1720.294 ops/us
# Warmup Iteration   3: 1531.770 ops/us
Iteration   1: 1534.353 ops/us
Iteration   2: 1528.640 ops/us
Iteration   3: 1533.058 ops/us
Iteration   4: 1532.662 ops/us
Iteration   5: 1534.340 ops/us


Result "com.stuff2ponder.Factorial_fjb04.evalEmptyLoop":
  1532.611 ±(99.9%) 9.029 ops/us [Average]
  (min, avg, max) = (1528.640, 1532.611, 1534.353), stdev = 2.345
  CI (99.9%): [1523.582, 1541.640] (assumes normal distribution)


# JMH 1.18 (released 52 days ago)
# VM version: JDK 1.8.0_131, VM 25.131-b11
# VM invoker: C:\Program Files\Java\jre1.8.0_131\bin\java.exe
# VM options: <none>
# Warmup: 3 iterations, 1 s each
# Measurement: 5 iterations, 1 s each
# Timeout: 10 min per iteration
# Threads: 1 thread, will synchronize iterations
# Benchmark mode: Throughput, ops/time
# Benchmark: com.stuff2ponder.Factorial_fjb04.evalEmptyLoop
# Parameters: (baseLong = 256)

# Run progress: 21.88% complete, ETA 00:03:32
# Fork: 1 of 1
# Warmup Iteration   1: 1690.191 ops/us
# Warmup Iteration   2: 1723.737 ops/us
# Warmup Iteration   3: 1641.174 ops/us
Iteration   1: 1640.198 ops/us
Iteration   2: 1638.925 ops/us
Iteration   3: 1637.729 ops/us
Iteration   4: 1640.963 ops/us
Iteration   5: 1640.686 ops/us


Result "com.stuff2ponder.Factorial_fjb04.evalEmptyLoop":
  1639.700 ±(99.9%) 5.203 ops/us [Average]
  (min, avg, max) = (1637.729, 1639.700, 1640.963), stdev = 1.351
  CI (99.9%): [1634.497, 1644.903] (assumes normal distribution)


# JMH 1.18 (released 52 days ago)
# VM version: JDK 1.8.0_131, VM 25.131-b11
# VM invoker: C:\Program Files\Java\jre1.8.0_131\bin\java.exe
# VM options: <none>
# Warmup: 3 iterations, 1 s each
# Measurement: 5 iterations, 1 s each
# Timeout: 10 min per iteration
# Threads: 1 thread, will synchronize iterations
# Benchmark mode: Throughput, ops/time
# Benchmark: com.stuff2ponder.Factorial_fjb04.evalFactorialAsLog10
# Parameters: (baseLong = 2)

# Run progress: 25.00% complete, ETA 00:03:23
# Fork: 1 of 1
# Warmup Iteration   1: 3.856 ops/us
# Warmup Iteration   2: 4.061 ops/us
# Warmup Iteration   3: 4.334 ops/us
Iteration   1: 4.331 ops/us
Iteration   2: 4.325 ops/us
Iteration   3: 4.334 ops/us
Iteration   4: 4.324 ops/us
Iteration   5: 4.323 ops/us


Result "com.stuff2ponder.Factorial_fjb04.evalFactorialAsLog10":
  4.327 ±(99.9%) 0.018 ops/us [Average]
  (min, avg, max) = (4.323, 4.327, 4.334), stdev = 0.005
  CI (99.9%): [4.309, 4.346] (assumes normal distribution)


# JMH 1.18 (released 52 days ago)
# VM version: JDK 1.8.0_131, VM 25.131-b11
# VM invoker: C:\Program Files\Java\jre1.8.0_131\bin\java.exe
# VM options: <none>
# Warmup: 3 iterations, 1 s each
# Measurement: 5 iterations, 1 s each
# Timeout: 10 min per iteration
# Threads: 1 thread, will synchronize iterations
# Benchmark mode: Throughput, ops/time
# Benchmark: com.stuff2ponder.Factorial_fjb04.evalFactorialAsLog10
# Parameters: (baseLong = 19)

# Run progress: 28.13% complete, ETA 00:03:15
# Fork: 1 of 1
# Warmup Iteration   1: 0.342 ops/us
# Warmup Iteration   2: 0.402 ops/us
# Warmup Iteration   3: 0.434 ops/us
Iteration   1: 0.434 ops/us
Iteration   2: 0.434 ops/us
Iteration   3: 0.434 ops/us
Iteration   4: 0.433 ops/us
Iteration   5: 0.433 ops/us


Result "com.stuff2ponder.Factorial_fjb04.evalFactorialAsLog10":
  0.433 ±(99.9%) 0.002 ops/us [Average]
  (min, avg, max) = (0.433, 0.433, 0.434), stdev = 0.001
  CI (99.9%): [0.432, 0.435] (assumes normal distribution)


# JMH 1.18 (released 52 days ago)
# VM version: JDK 1.8.0_131, VM 25.131-b11
# VM invoker: C:\Program Files\Java\jre1.8.0_131\bin\java.exe
# VM options: <none>
# Warmup: 3 iterations, 1 s each
# Measurement: 5 iterations, 1 s each
# Timeout: 10 min per iteration
# Threads: 1 thread, will synchronize iterations
# Benchmark mode: Throughput, ops/time
# Benchmark: com.stuff2ponder.Factorial_fjb04.evalFactorialAsLog10
# Parameters: (baseLong = 20)

# Run progress: 31.25% complete, ETA 00:03:07
# Fork: 1 of 1
# Warmup Iteration   1: 0.332 ops/us
# Warmup Iteration   2: 0.389 ops/us
# Warmup Iteration   3: 0.420 ops/us
Iteration   1: 0.420 ops/us
Iteration   2: 0.420 ops/us
Iteration   3: 0.419 ops/us
Iteration   4: 0.419 ops/us
Iteration   5: 0.419 ops/us


Result "com.stuff2ponder.Factorial_fjb04.evalFactorialAsLog10":
  0.420 ±(99.9%) 0.002 ops/us [Average]
  (min, avg, max) = (0.419, 0.420, 0.420), stdev = 0.001
  CI (99.9%): [0.418, 0.421] (assumes normal distribution)


# JMH 1.18 (released 52 days ago)
# VM version: JDK 1.8.0_131, VM 25.131-b11
# VM invoker: C:\Program Files\Java\jre1.8.0_131\bin\java.exe
# VM options: <none>
# Warmup: 3 iterations, 1 s each
# Measurement: 5 iterations, 1 s each
# Timeout: 10 min per iteration
# Threads: 1 thread, will synchronize iterations
# Benchmark mode: Throughput, ops/time
# Benchmark: com.stuff2ponder.Factorial_fjb04.evalFactorialAsLog10
# Parameters: (baseLong = 21)

# Run progress: 34.38% complete, ETA 00:02:58
# Fork: 1 of 1
# Warmup Iteration   1: 0.361 ops/us
# Warmup Iteration   2: 0.411 ops/us
# Warmup Iteration   3: 0.442 ops/us
Iteration   1: 0.442 ops/us
Iteration   2: 0.441 ops/us
Iteration   3: 0.441 ops/us
Iteration   4: 0.441 ops/us
Iteration   5: 0.438 ops/us


Result "com.stuff2ponder.Factorial_fjb04.evalFactorialAsLog10":
  0.441 ±(99.9%) 0.005 ops/us [Average]
  (min, avg, max) = (0.438, 0.441, 0.442), stdev = 0.001
  CI (99.9%): [0.435, 0.446] (assumes normal distribution)


# JMH 1.18 (released 52 days ago)
# VM version: JDK 1.8.0_131, VM 25.131-b11
# VM invoker: C:\Program Files\Java\jre1.8.0_131\bin\java.exe
# VM options: <none>
# Warmup: 3 iterations, 1 s each
# Measurement: 5 iterations, 1 s each
# Timeout: 10 min per iteration
# Threads: 1 thread, will synchronize iterations
# Benchmark mode: Throughput, ops/time
# Benchmark: com.stuff2ponder.Factorial_fjb04.evalFactorialAsLog10
# Parameters: (baseLong = 32)

# Run progress: 37.50% complete, ETA 00:02:50
# Fork: 1 of 1
# Warmup Iteration   1: 0.209 ops/us
# Warmup Iteration   2: 0.243 ops/us
# Warmup Iteration   3: 0.260 ops/us
Iteration   1: 0.259 ops/us
Iteration   2: 0.260 ops/us
Iteration   3: 0.260 ops/us
Iteration   4: 0.259 ops/us
Iteration   5: 0.259 ops/us


Result "com.stuff2ponder.Factorial_fjb04.evalFactorialAsLog10":
  0.260 ±(99.9%) 0.003 ops/us [Average]
  (min, avg, max) = (0.259, 0.260, 0.260), stdev = 0.001
  CI (99.9%): [0.257, 0.262] (assumes normal distribution)


# JMH 1.18 (released 52 days ago)
# VM version: JDK 1.8.0_131, VM 25.131-b11
# VM invoker: C:\Program Files\Java\jre1.8.0_131\bin\java.exe
# VM options: <none>
# Warmup: 3 iterations, 1 s each
# Measurement: 5 iterations, 1 s each
# Timeout: 10 min per iteration
# Threads: 1 thread, will synchronize iterations
# Benchmark mode: Throughput, ops/time
# Benchmark: com.stuff2ponder.Factorial_fjb04.evalFactorialAsLog10
# Parameters: (baseLong = 64)

# Run progress: 40.63% complete, ETA 00:02:41
# Fork: 1 of 1
# Warmup Iteration   1: 0.117 ops/us
# Warmup Iteration   2: 0.147 ops/us
# Warmup Iteration   3: 0.157 ops/us
Iteration   1: 0.157 ops/us
Iteration   2: 0.157 ops/us
Iteration   3: 0.157 ops/us
Iteration   4: 0.157 ops/us
Iteration   5: 0.157 ops/us


Result "com.stuff2ponder.Factorial_fjb04.evalFactorialAsLog10":
  0.157 ±(99.9%) 0.001 ops/us [Average]
  (min, avg, max) = (0.157, 0.157, 0.157), stdev = 0.001
  CI (99.9%): [0.157, 0.157] (assumes normal distribution)


# JMH 1.18 (released 52 days ago)
# VM version: JDK 1.8.0_131, VM 25.131-b11
# VM invoker: C:\Program Files\Java\jre1.8.0_131\bin\java.exe
# VM options: <none>
# Warmup: 3 iterations, 1 s each
# Measurement: 5 iterations, 1 s each
# Timeout: 10 min per iteration
# Threads: 1 thread, will synchronize iterations
# Benchmark mode: Throughput, ops/time
# Benchmark: com.stuff2ponder.Factorial_fjb04.evalFactorialAsLog10
# Parameters: (baseLong = 128)

# Run progress: 43.75% complete, ETA 00:02:33
# Fork: 1 of 1
# Warmup Iteration   1: 0.053 ops/us
# Warmup Iteration   2: 0.068 ops/us
# Warmup Iteration   3: 0.073 ops/us
Iteration   1: 0.073 ops/us
Iteration   2: 0.073 ops/us
Iteration   3: 0.073 ops/us
Iteration   4: 0.073 ops/us
Iteration   5: 0.073 ops/us


Result "com.stuff2ponder.Factorial_fjb04.evalFactorialAsLog10":
  0.073 ±(99.9%) 0.001 ops/us [Average]
  (min, avg, max) = (0.073, 0.073, 0.073), stdev = 0.001
  CI (99.9%): [0.072, 0.073] (assumes normal distribution)


# JMH 1.18 (released 52 days ago)
# VM version: JDK 1.8.0_131, VM 25.131-b11
# VM invoker: C:\Program Files\Java\jre1.8.0_131\bin\java.exe
# VM options: <none>
# Warmup: 3 iterations, 1 s each
# Measurement: 5 iterations, 1 s each
# Timeout: 10 min per iteration
# Threads: 1 thread, will synchronize iterations
# Benchmark mode: Throughput, ops/time
# Benchmark: com.stuff2ponder.Factorial_fjb04.evalFactorialAsLog10
# Parameters: (baseLong = 256)

# Run progress: 46.88% complete, ETA 00:02:24
# Fork: 1 of 1
# Warmup Iteration   1: 0.028 ops/us
# Warmup Iteration   2: 0.036 ops/us
# Warmup Iteration   3: 0.037 ops/us
Iteration   1: 0.037 ops/us
Iteration   2: 0.037 ops/us
Iteration   3: 0.037 ops/us
Iteration   4: 0.037 ops/us
Iteration   5: 0.037 ops/us


Result "com.stuff2ponder.Factorial_fjb04.evalFactorialAsLog10":
  0.037 ±(99.9%) 0.001 ops/us [Average]
  (min, avg, max) = (0.037, 0.037, 0.037), stdev = 0.001
  CI (99.9%): [0.037, 0.038] (assumes normal distribution)


# JMH 1.18 (released 52 days ago)
# VM version: JDK 1.8.0_131, VM 25.131-b11
# VM invoker: C:\Program Files\Java\jre1.8.0_131\bin\java.exe
# VM options: <none>
# Warmup: 3 iterations, 1 s each
# Measurement: 5 iterations, 1 s each
# Timeout: 10 min per iteration
# Threads: 1 thread, will synchronize iterations
# Benchmark mode: Throughput, ops/time
# Benchmark: com.stuff2ponder.Factorial_fjb04.evalFactorialBigLongLoopFallbackLog10
# Parameters: (baseLong = 2)

# Run progress: 50.00% complete, ETA 00:02:16
# Fork: 1 of 1
# Warmup Iteration   1: 29.922 ops/us
# Warmup Iteration   2: 32.396 ops/us
# Warmup Iteration   3: 34.672 ops/us
Iteration   1: 34.111 ops/us
Iteration   2: 34.391 ops/us
Iteration   3: 34.349 ops/us
Iteration   4: 34.334 ops/us
Iteration   5: 34.230 ops/us


Result "com.stuff2ponder.Factorial_fjb04.evalFactorialBigLongLoopFallbackLog10":
  34.283 ±(99.9%) 0.436 ops/us [Average]
  (min, avg, max) = (34.111, 34.283, 34.391), stdev = 0.113
  CI (99.9%): [33.847, 34.719] (assumes normal distribution)


# JMH 1.18 (released 52 days ago)
# VM version: JDK 1.8.0_131, VM 25.131-b11
# VM invoker: C:\Program Files\Java\jre1.8.0_131\bin\java.exe
# VM options: <none>
# Warmup: 3 iterations, 1 s each
# Measurement: 5 iterations, 1 s each
# Timeout: 10 min per iteration
# Threads: 1 thread, will synchronize iterations
# Benchmark mode: Throughput, ops/time
# Benchmark: com.stuff2ponder.Factorial_fjb04.evalFactorialBigLongLoopFallbackLog10
# Parameters: (baseLong = 19)

# Run progress: 53.13% complete, ETA 00:02:08
# Fork: 1 of 1
# Warmup Iteration   1: 1.528 ops/us
# Warmup Iteration   2: 1.659 ops/us
# Warmup Iteration   3: 1.796 ops/us
Iteration   1: 1.794 ops/us
Iteration   2: 1.791 ops/us
Iteration   3: 1.790 ops/us
Iteration   4: 1.780 ops/us
Iteration   5: 1.771 ops/us


Result "com.stuff2ponder.Factorial_fjb04.evalFactorialBigLongLoopFallbackLog10":
  1.785 ±(99.9%) 0.038 ops/us [Average]
  (min, avg, max) = (1.771, 1.785, 1.794), stdev = 0.010
  CI (99.9%): [1.747, 1.823] (assumes normal distribution)


# JMH 1.18 (released 52 days ago)
# VM version: JDK 1.8.0_131, VM 25.131-b11
# VM invoker: C:\Program Files\Java\jre1.8.0_131\bin\java.exe
# VM options: <none>
# Warmup: 3 iterations, 1 s each
# Measurement: 5 iterations, 1 s each
# Timeout: 10 min per iteration
# Threads: 1 thread, will synchronize iterations
# Benchmark mode: Throughput, ops/time
# Benchmark: com.stuff2ponder.Factorial_fjb04.evalFactorialBigLongLoopFallbackLog10
# Parameters: (baseLong = 20)

# Run progress: 56.25% complete, ETA 00:01:59
# Fork: 1 of 1
# Warmup Iteration   1: 1.412 ops/us
# Warmup Iteration   2: 1.529 ops/us
# Warmup Iteration   3: 1.653 ops/us
Iteration   1: 1.654 ops/us
Iteration   2: 1.648 ops/us
Iteration   3: 1.645 ops/us
Iteration   4: 1.639 ops/us
Iteration   5: 1.632 ops/us


Result "com.stuff2ponder.Factorial_fjb04.evalFactorialBigLongLoopFallbackLog10":
  1.644 ±(99.9%) 0.033 ops/us [Average]
  (min, avg, max) = (1.632, 1.644, 1.654), stdev = 0.009
  CI (99.9%): [1.611, 1.677] (assumes normal distribution)


# JMH 1.18 (released 52 days ago)
# VM version: JDK 1.8.0_131, VM 25.131-b11
# VM invoker: C:\Program Files\Java\jre1.8.0_131\bin\java.exe
# VM options: <none>
# Warmup: 3 iterations, 1 s each
# Measurement: 5 iterations, 1 s each
# Timeout: 10 min per iteration
# Threads: 1 thread, will synchronize iterations
# Benchmark mode: Throughput, ops/time
# Benchmark: com.stuff2ponder.Factorial_fjb04.evalFactorialBigLongLoopFallbackLog10
# Parameters: (baseLong = 21)

# Run progress: 59.38% complete, ETA 00:01:51
# Fork: 1 of 1
# Warmup Iteration   1: 0.360 ops/us
# Warmup Iteration   2: 0.411 ops/us
# Warmup Iteration   3: 0.442 ops/us
Iteration   1: 0.441 ops/us
Iteration   2: 0.441 ops/us
Iteration   3: 0.441 ops/us
Iteration   4: 0.441 ops/us
Iteration   5: 0.441 ops/us


Result "com.stuff2ponder.Factorial_fjb04.evalFactorialBigLongLoopFallbackLog10":
  0.441 ±(99.9%) 0.001 ops/us [Average]
  (min, avg, max) = (0.441, 0.441, 0.441), stdev = 0.001
  CI (99.9%): [0.440, 0.442] (assumes normal distribution)


# JMH 1.18 (released 52 days ago)
# VM version: JDK 1.8.0_131, VM 25.131-b11
# VM invoker: C:\Program Files\Java\jre1.8.0_131\bin\java.exe
# VM options: <none>
# Warmup: 3 iterations, 1 s each
# Measurement: 5 iterations, 1 s each
# Timeout: 10 min per iteration
# Threads: 1 thread, will synchronize iterations
# Benchmark mode: Throughput, ops/time
# Benchmark: com.stuff2ponder.Factorial_fjb04.evalFactorialBigLongLoopFallbackLog10
# Parameters: (baseLong = 32)

# Run progress: 62.50% complete, ETA 00:01:42
# Fork: 1 of 1
# Warmup Iteration   1: 0.211 ops/us
# Warmup Iteration   2: 0.244 ops/us
# Warmup Iteration   3: 0.260 ops/us
Iteration   1: 0.261 ops/us
Iteration   2: 0.261 ops/us
Iteration   3: 0.261 ops/us
Iteration   4: 0.261 ops/us
Iteration   5: 0.261 ops/us


Result "com.stuff2ponder.Factorial_fjb04.evalFactorialBigLongLoopFallbackLog10":
  0.261 ±(99.9%) 0.001 ops/us [Average]
  (min, avg, max) = (0.261, 0.261, 0.261), stdev = 0.001
  CI (99.9%): [0.260, 0.262] (assumes normal distribution)


# JMH 1.18 (released 52 days ago)
# VM version: JDK 1.8.0_131, VM 25.131-b11
# VM invoker: C:\Program Files\Java\jre1.8.0_131\bin\java.exe
# VM options: <none>
# Warmup: 3 iterations, 1 s each
# Measurement: 5 iterations, 1 s each
# Timeout: 10 min per iteration
# Threads: 1 thread, will synchronize iterations
# Benchmark mode: Throughput, ops/time
# Benchmark: com.stuff2ponder.Factorial_fjb04.evalFactorialBigLongLoopFallbackLog10
# Parameters: (baseLong = 64)

# Run progress: 65.63% complete, ETA 00:01:33
# Fork: 1 of 1
# Warmup Iteration   1: 0.117 ops/us
# Warmup Iteration   2: 0.148 ops/us
# Warmup Iteration   3: 0.157 ops/us
Iteration   1: 0.158 ops/us
Iteration   2: 0.157 ops/us
Iteration   3: 0.157 ops/us
Iteration   4: 0.157 ops/us
Iteration   5: 0.157 ops/us


Result "com.stuff2ponder.Factorial_fjb04.evalFactorialBigLongLoopFallbackLog10":
  0.157 ±(99.9%) 0.001 ops/us [Average]
  (min, avg, max) = (0.157, 0.157, 0.158), stdev = 0.001
  CI (99.9%): [0.157, 0.158] (assumes normal distribution)


# JMH 1.18 (released 52 days ago)
# VM version: JDK 1.8.0_131, VM 25.131-b11
# VM invoker: C:\Program Files\Java\jre1.8.0_131\bin\java.exe
# VM options: <none>
# Warmup: 3 iterations, 1 s each
# Measurement: 5 iterations, 1 s each
# Timeout: 10 min per iteration
# Threads: 1 thread, will synchronize iterations
# Benchmark mode: Throughput, ops/time
# Benchmark: com.stuff2ponder.Factorial_fjb04.evalFactorialBigLongLoopFallbackLog10
# Parameters: (baseLong = 128)

# Run progress: 68.75% complete, ETA 00:01:25
# Fork: 1 of 1
# Warmup Iteration   1: 0.054 ops/us
# Warmup Iteration   2: 0.068 ops/us
# Warmup Iteration   3: 0.073 ops/us
Iteration   1: 0.073 ops/us
Iteration   2: 0.073 ops/us
Iteration   3: 0.073 ops/us
Iteration   4: 0.073 ops/us
Iteration   5: 0.073 ops/us


Result "com.stuff2ponder.Factorial_fjb04.evalFactorialBigLongLoopFallbackLog10":
  0.073 ±(99.9%) 0.001 ops/us [Average]
  (min, avg, max) = (0.073, 0.073, 0.073), stdev = 0.001
  CI (99.9%): [0.072, 0.073] (assumes normal distribution)


# JMH 1.18 (released 52 days ago)
# VM version: JDK 1.8.0_131, VM 25.131-b11
# VM invoker: C:\Program Files\Java\jre1.8.0_131\bin\java.exe
# VM options: <none>
# Warmup: 3 iterations, 1 s each
# Measurement: 5 iterations, 1 s each
# Timeout: 10 min per iteration
# Threads: 1 thread, will synchronize iterations
# Benchmark mode: Throughput, ops/time
# Benchmark: com.stuff2ponder.Factorial_fjb04.evalFactorialBigLongLoopFallbackLog10
# Parameters: (baseLong = 256)

# Run progress: 71.88% complete, ETA 00:01:16
# Fork: 1 of 1
# Warmup Iteration   1: 0.029 ops/us
# Warmup Iteration   2: 0.037 ops/us
# Warmup Iteration   3: 0.037 ops/us
Iteration   1: 0.037 ops/us
Iteration   2: 0.036 ops/us
Iteration   3: 0.037 ops/us
Iteration   4: 0.037 ops/us
Iteration   5: 0.037 ops/us


Result "com.stuff2ponder.Factorial_fjb04.evalFactorialBigLongLoopFallbackLog10":
  0.037 ±(99.9%) 0.001 ops/us [Average]
  (min, avg, max) = (0.036, 0.037, 0.037), stdev = 0.001
  CI (99.9%): [0.036, 0.038] (assumes normal distribution)


# JMH 1.18 (released 52 days ago)
# VM version: JDK 1.8.0_131, VM 25.131-b11
# VM invoker: C:\Program Files\Java\jre1.8.0_131\bin\java.exe
# VM options: <none>
# Warmup: 3 iterations, 1 s each
# Measurement: 5 iterations, 1 s each
# Timeout: 10 min per iteration
# Threads: 1 thread, will synchronize iterations
# Benchmark mode: Throughput, ops/time
# Benchmark: com.stuff2ponder.Factorial_fjb04.evalFactorialLongStreamFallbackDouble
# Parameters: (baseLong = 2)

# Run progress: 75.00% complete, ETA 00:01:08
# Fork: 1 of 1
# Warmup Iteration   1: 45.165 ops/us
# Warmup Iteration   2: 50.646 ops/us
# Warmup Iteration   3: 54.507 ops/us
Iteration   1: 52.601 ops/us
Iteration   2: 52.485 ops/us
Iteration   3: 52.414 ops/us
Iteration   4: 52.239 ops/us
Iteration   5: 51.867 ops/us


Result "com.stuff2ponder.Factorial_fjb04.evalFactorialLongStreamFallbackDouble":
  52.321 ±(99.9%) 1.101 ops/us [Average]
  (min, avg, max) = (51.867, 52.321, 52.601), stdev = 0.286
  CI (99.9%): [51.220, 53.422] (assumes normal distribution)


# JMH 1.18 (released 52 days ago)
# VM version: JDK 1.8.0_131, VM 25.131-b11
# VM invoker: C:\Program Files\Java\jre1.8.0_131\bin\java.exe
# VM options: <none>
# Warmup: 3 iterations, 1 s each
# Measurement: 5 iterations, 1 s each
# Timeout: 10 min per iteration
# Threads: 1 thread, will synchronize iterations
# Benchmark mode: Throughput, ops/time
# Benchmark: com.stuff2ponder.Factorial_fjb04.evalFactorialLongStreamFallbackDouble
# Parameters: (baseLong = 19)

# Run progress: 78.13% complete, ETA 00:00:59
# Fork: 1 of 1
# Warmup Iteration   1: 11.974 ops/us
# Warmup Iteration   2: 12.853 ops/us
# Warmup Iteration   3: 12.815 ops/us
Iteration   1: 12.851 ops/us
Iteration   2: 12.798 ops/us
Iteration   3: 12.796 ops/us
Iteration   4: 12.753 ops/us
Iteration   5: 12.700 ops/us


Result "com.stuff2ponder.Factorial_fjb04.evalFactorialLongStreamFallbackDouble":
  12.779 ±(99.9%) 0.218 ops/us [Average]
  (min, avg, max) = (12.700, 12.779, 12.851), stdev = 0.057
  CI (99.9%): [12.561, 12.997] (assumes normal distribution)


# JMH 1.18 (released 52 days ago)
# VM version: JDK 1.8.0_131, VM 25.131-b11
# VM invoker: C:\Program Files\Java\jre1.8.0_131\bin\java.exe
# VM options: <none>
# Warmup: 3 iterations, 1 s each
# Measurement: 5 iterations, 1 s each
# Timeout: 10 min per iteration
# Threads: 1 thread, will synchronize iterations
# Benchmark mode: Throughput, ops/time
# Benchmark: com.stuff2ponder.Factorial_fjb04.evalFactorialLongStreamFallbackDouble
# Parameters: (baseLong = 20)

# Run progress: 81.25% complete, ETA 00:00:51
# Fork: 1 of 1
# Warmup Iteration   1: 11.500 ops/us
# Warmup Iteration   2: 11.706 ops/us
# Warmup Iteration   3: 12.313 ops/us
Iteration   1: 12.318 ops/us
Iteration   2: 12.303 ops/us
Iteration   3: 12.328 ops/us
Iteration   4: 12.321 ops/us
Iteration   5: 12.318 ops/us


Result "com.stuff2ponder.Factorial_fjb04.evalFactorialLongStreamFallbackDouble":
  12.318 ±(99.9%) 0.034 ops/us [Average]
  (min, avg, max) = (12.303, 12.318, 12.328), stdev = 0.009
  CI (99.9%): [12.283, 12.352] (assumes normal distribution)


# JMH 1.18 (released 52 days ago)
# VM version: JDK 1.8.0_131, VM 25.131-b11
# VM invoker: C:\Program Files\Java\jre1.8.0_131\bin\java.exe
# VM options: <none>
# Warmup: 3 iterations, 1 s each
# Measurement: 5 iterations, 1 s each
# Timeout: 10 min per iteration
# Threads: 1 thread, will synchronize iterations
# Benchmark mode: Throughput, ops/time
# Benchmark: com.stuff2ponder.Factorial_fjb04.evalFactorialLongStreamFallbackDouble
# Parameters: (baseLong = 21)

# Run progress: 84.38% complete, ETA 00:00:42
# Fork: 1 of 1
# Warmup Iteration   1: 7.402 ops/us
# Warmup Iteration   2: 8.378 ops/us
# Warmup Iteration   3: 8.464 ops/us
Iteration   1: 8.478 ops/us
Iteration   2: 8.420 ops/us
Iteration   3: 8.398 ops/us
Iteration   4: 8.440 ops/us
Iteration   5: 8.439 ops/us


Result "com.stuff2ponder.Factorial_fjb04.evalFactorialLongStreamFallbackDouble":
  8.435 ±(99.9%) 0.114 ops/us [Average]
  (min, avg, max) = (8.398, 8.435, 8.478), stdev = 0.030
  CI (99.9%): [8.321, 8.549] (assumes normal distribution)


# JMH 1.18 (released 52 days ago)
# VM version: JDK 1.8.0_131, VM 25.131-b11
# VM invoker: C:\Program Files\Java\jre1.8.0_131\bin\java.exe
# VM options: <none>
# Warmup: 3 iterations, 1 s each
# Measurement: 5 iterations, 1 s each
# Timeout: 10 min per iteration
# Threads: 1 thread, will synchronize iterations
# Benchmark mode: Throughput, ops/time
# Benchmark: com.stuff2ponder.Factorial_fjb04.evalFactorialLongStreamFallbackDouble
# Parameters: (baseLong = 32)

# Run progress: 87.50% complete, ETA 00:00:34
# Fork: 1 of 1
# Warmup Iteration   1: 5.584 ops/us
# Warmup Iteration   2: 5.787 ops/us
# Warmup Iteration   3: 6.123 ops/us
Iteration   1: 6.083 ops/us
Iteration   2: 6.068 ops/us
Iteration   3: 6.077 ops/us
Iteration   4: 6.088 ops/us
Iteration   5: 6.054 ops/us


Result "com.stuff2ponder.Factorial_fjb04.evalFactorialLongStreamFallbackDouble":
  6.074 ±(99.9%) 0.053 ops/us [Average]
  (min, avg, max) = (6.054, 6.074, 6.088), stdev = 0.014
  CI (99.9%): [6.021, 6.127] (assumes normal distribution)


# JMH 1.18 (released 52 days ago)
# VM version: JDK 1.8.0_131, VM 25.131-b11
# VM invoker: C:\Program Files\Java\jre1.8.0_131\bin\java.exe
# VM options: <none>
# Warmup: 3 iterations, 1 s each
# Measurement: 5 iterations, 1 s each
# Timeout: 10 min per iteration
# Threads: 1 thread, will synchronize iterations
# Benchmark mode: Throughput, ops/time
# Benchmark: com.stuff2ponder.Factorial_fjb04.evalFactorialLongStreamFallbackDouble
# Parameters: (baseLong = 64)

# Run progress: 90.63% complete, ETA 00:00:25
# Fork: 1 of 1
# Warmup Iteration   1: 3.053 ops/us
# Warmup Iteration   2: 3.206 ops/us
# Warmup Iteration   3: 3.226 ops/us
Iteration   1: 3.208 ops/us
Iteration   2: 3.205 ops/us
Iteration   3: 3.197 ops/us
Iteration   4: 3.186 ops/us
Iteration   5: 3.191 ops/us


Result "com.stuff2ponder.Factorial_fjb04.evalFactorialLongStreamFallbackDouble":
  3.197 ±(99.9%) 0.035 ops/us [Average]
  (min, avg, max) = (3.186, 3.197, 3.208), stdev = 0.009
  CI (99.9%): [3.162, 3.232] (assumes normal distribution)


# JMH 1.18 (released 52 days ago)
# VM version: JDK 1.8.0_131, VM 25.131-b11
# VM invoker: C:\Program Files\Java\jre1.8.0_131\bin\java.exe
# VM options: <none>
# Warmup: 3 iterations, 1 s each
# Measurement: 5 iterations, 1 s each
# Timeout: 10 min per iteration
# Threads: 1 thread, will synchronize iterations
# Benchmark mode: Throughput, ops/time
# Benchmark: com.stuff2ponder.Factorial_fjb04.evalFactorialLongStreamFallbackDouble
# Parameters: (baseLong = 128)

# Run progress: 93.75% complete, ETA 00:00:17
# Fork: 1 of 1
# Warmup Iteration   1: 1.656 ops/us
# Warmup Iteration   2: 1.687 ops/us
# Warmup Iteration   3: 1.690 ops/us
Iteration   1: 1.703 ops/us
Iteration   2: 1.688 ops/us
Iteration   3: 1.681 ops/us
Iteration   4: 1.684 ops/us
Iteration   5: 1.683 ops/us


Result "com.stuff2ponder.Factorial_fjb04.evalFactorialLongStreamFallbackDouble":
  1.688 ±(99.9%) 0.034 ops/us [Average]
  (min, avg, max) = (1.681, 1.688, 1.703), stdev = 0.009
  CI (99.9%): [1.654, 1.721] (assumes normal distribution)


# JMH 1.18 (released 52 days ago)
# VM version: JDK 1.8.0_131, VM 25.131-b11
# VM invoker: C:\Program Files\Java\jre1.8.0_131\bin\java.exe
# VM options: <none>
# Warmup: 3 iterations, 1 s each
# Measurement: 5 iterations, 1 s each
# Timeout: 10 min per iteration
# Threads: 1 thread, will synchronize iterations
# Benchmark mode: Throughput, ops/time
# Benchmark: com.stuff2ponder.Factorial_fjb04.evalFactorialLongStreamFallbackDouble
# Parameters: (baseLong = 256)

# Run progress: 96.88% complete, ETA 00:00:08
# Fork: 1 of 1
# Warmup Iteration   1: 0.851 ops/us
# Warmup Iteration   2: 0.878 ops/us
# Warmup Iteration   3: 0.874 ops/us
Iteration   1: 0.878 ops/us
Iteration   2: 0.876 ops/us
Iteration   3: 0.873 ops/us
Iteration   4: 0.877 ops/us
Iteration   5: 0.872 ops/us


Result "com.stuff2ponder.Factorial_fjb04.evalFactorialLongStreamFallbackDouble":
  0.875 ±(99.9%) 0.009 ops/us [Average]
  (min, avg, max) = (0.872, 0.875, 0.878), stdev = 0.002
  CI (99.9%): [0.866, 0.885] (assumes normal distribution)


# Run complete. Total time: 00:04:33

Benchmark                                              (baseLong)   Mode  Cnt     Score    Error   Units
Factorial_fjb04.evalEmptyLoop                                   2  thrpt    5  1689.905 ±  8.597  ops/us
Factorial_fjb04.evalEmptyLoop                                  19  thrpt    5  1691.440 ±  2.703  ops/us
Factorial_fjb04.evalEmptyLoop                                  20  thrpt    5  1691.224 ±  4.018  ops/us
Factorial_fjb04.evalEmptyLoop                                  21  thrpt    5  1690.945 ±  5.059  ops/us
Factorial_fjb04.evalEmptyLoop                                  32  thrpt    5  1690.605 ±  2.132  ops/us
Factorial_fjb04.evalEmptyLoop                                  64  thrpt    5  1690.599 ±  6.139  ops/us
Factorial_fjb04.evalEmptyLoop                                 128  thrpt    5  1532.611 ±  9.029  ops/us
Factorial_fjb04.evalEmptyLoop                                 256  thrpt    5  1639.700 ±  5.203  ops/us
Factorial_fjb04.evalFactorialAsLog10                            2  thrpt    5     4.327 ±  0.018  ops/us
Factorial_fjb04.evalFactorialAsLog10                           19  thrpt    5     0.433 ±  0.002  ops/us
Factorial_fjb04.evalFactorialAsLog10                           20  thrpt    5     0.420 ±  0.002  ops/us
Factorial_fjb04.evalFactorialAsLog10                           21  thrpt    5     0.441 ±  0.005  ops/us
Factorial_fjb04.evalFactorialAsLog10                           32  thrpt    5     0.260 ±  0.003  ops/us
Factorial_fjb04.evalFactorialAsLog10                           64  thrpt    5     0.157 ±  0.001  ops/us
Factorial_fjb04.evalFactorialAsLog10                          128  thrpt    5     0.073 ±  0.001  ops/us
Factorial_fjb04.evalFactorialAsLog10                          256  thrpt    5     0.037 ±  0.001  ops/us
Factorial_fjb04.evalFactorialBigLongLoopFallbackLog10           2  thrpt    5    34.283 ±  0.436  ops/us
Factorial_fjb04.evalFactorialBigLongLoopFallbackLog10          19  thrpt    5     1.785 ±  0.038  ops/us
Factorial_fjb04.evalFactorialBigLongLoopFallbackLog10          20  thrpt    5     1.644 ±  0.033  ops/us
Factorial_fjb04.evalFactorialBigLongLoopFallbackLog10          21  thrpt    5     0.441 ±  0.001  ops/us
Factorial_fjb04.evalFactorialBigLongLoopFallbackLog10          32  thrpt    5     0.261 ±  0.001  ops/us
Factorial_fjb04.evalFactorialBigLongLoopFallbackLog10          64  thrpt    5     0.157 ±  0.001  ops/us
Factorial_fjb04.evalFactorialBigLongLoopFallbackLog10         128  thrpt    5     0.073 ±  0.001  ops/us
Factorial_fjb04.evalFactorialBigLongLoopFallbackLog10         256  thrpt    5     0.037 ±  0.001  ops/us
Factorial_fjb04.evalFactorialLongStreamFallbackDouble           2  thrpt    5    52.321 ±  1.101  ops/us
Factorial_fjb04.evalFactorialLongStreamFallbackDouble          19  thrpt    5    12.779 ±  0.218  ops/us
Factorial_fjb04.evalFactorialLongStreamFallbackDouble          20  thrpt    5    12.318 ±  0.034  ops/us
Factorial_fjb04.evalFactorialLongStreamFallbackDouble          21  thrpt    5     8.435 ±  0.114  ops/us
Factorial_fjb04.evalFactorialLongStreamFallbackDouble          32  thrpt    5     6.074 ±  0.053  ops/us
Factorial_fjb04.evalFactorialLongStreamFallbackDouble          64  thrpt    5     3.197 ±  0.035  ops/us
Factorial_fjb04.evalFactorialLongStreamFallbackDouble         128  thrpt    5     1.688 ±  0.034  ops/us
Factorial_fjb04.evalFactorialLongStreamFallbackDouble         256  thrpt    5     0.875 ±  0.009  ops/us
